Using pre-set license
Built from '2020.3/staging' branch; Version is '2020.3.9f1 (108be757e447) revision 1084391'; Using compiler version '192528614'; Build Type 'Release'
OS: 'Windows 10 Home; OS build 19044.1466; Version 2009; 64bit' Language: 'en' Physical Memory: 8122 MB
BatchMode: 1, IsHumanControllingUs: 0, StartBugReporterOnCrash: 0, Is64bit: 1, IsPro: 0

 COMMAND LINE ARGUMENTS:
C:\Program Files\Unity\Hub\Editor\2020.3.9f1\Editor\Unity.exe
-adb2
-batchMode
-noUpm
-name
AssetImportWorker0
-projectPath
C:/Users/justi/OneDrive/Documents/UnityAn1/RoboModel
-logFile
Logs/AssetImportWorker0.log
-srvPort
65287
Successfully changed project path to: C:/Users/justi/OneDrive/Documents/UnityAn1/RoboModel
C:/Users/justi/OneDrive/Documents/UnityAn1/RoboModel
Using Asset Import Pipeline V2.
Refreshing native plugins compatible for Editor in 20.50 ms, found 0 plugins.
Preloading 0 native plugins for Editor in 0.00 ms.
Initialize engine version: 2020.3.9f1 (108be757e447)
[Subsystems] Discovering subsystems at path C:/Program Files/Unity/Hub/Editor/2020.3.9f1/Editor/Data/Resources/UnitySubsystems
[Subsystems] Discovering subsystems at path C:/Users/justi/OneDrive/Documents/UnityAn1/RoboModel/Assets
GfxDevice: creating device client; threaded=0
Direct3D:
    Version:  Direct3D 11.0 [level 11.1]
    Renderer: Radeon RX 5500 XT (ID=0x7340)
    Vendor:   
    VRAM:     4055 MB
    Driver:   30.0.13023.1012
Initialize mono
Mono path[0] = 'C:/Program Files/Unity/Hub/Editor/2020.3.9f1/Editor/Data/Managed'
Mono path[1] = 'C:/Program Files/Unity/Hub/Editor/2020.3.9f1/Editor/Data/MonoBleedingEdge/lib/mono/unityjit'
Mono config path = 'C:/Program Files/Unity/Hub/Editor/2020.3.9f1/Editor/Data/MonoBleedingEdge/etc'
Using monoOptions --debugger-agent=transport=dt_socket,embedding=1,server=y,suspend=n,address=127.0.0.1:56360
Begin MonoManager ReloadAssembly
Registering precompiled unity dll's ...
Register platform support module: C:/Program Files/Unity/Hub/Editor/2020.3.9f1/Editor/Data/PlaybackEngines/WebGLSupport/UnityEditor.WebGL.Extensions.dll
Register platform support module: C:/Program Files/Unity/Hub/Editor/2020.3.9f1/Editor/Data/PlaybackEngines/WindowsStandaloneSupport/UnityEditor.WindowsStandalone.Extensions.dll
Registered in 0.002265 seconds.
Native extension for WindowsStandalone target not found
Native extension for WebGL target not found
Refreshing native plugins compatible for Editor in 21.43 ms, found 0 plugins.
Preloading 0 native plugins for Editor in 0.00 ms.
Mono: successfully reloaded assembly
- Completed reload, in  1.064 seconds
Platform modules already initialized, skipping
Registering precompiled user dll's ...
Registered in 0.000700 seconds.
Begin MonoManager ReloadAssembly
Native extension for WindowsStandalone target not found
Native extension for WebGL target not found
Refreshing native plugins compatible for Editor in 0.29 ms, found 0 plugins.
Preloading 0 native plugins for Editor in 0.00 ms.
Mono: successfully reloaded assembly
- Completed reload, in  0.683 seconds
Platform modules already initialized, skipping
========================================================================
Worker process is ready to serve import requests
Launched and connected shader compiler UnityShaderCompiler.exe after 0.05 seconds
Refreshing native plugins compatible for Editor in 0.26 ms, found 0 plugins.
Preloading 0 native plugins for Editor in 0.00 ms.
Unloading 1117 Unused Serialized files (Serialized files now loaded: 0)
System memory in use before: 57.2 MB.
System memory in use after: 57.3 MB.

Unloading 10 unused Assets to reduce memory usage. Loaded Objects now: 1559.
Total: 1.864500 ms (FindLiveObjects: 0.146600 ms CreateObjectMapping: 0.026000 ms MarkObjects: 1.606300 ms  DeleteObjects: 0.084200 ms)

========================================================================
Received Import Request.
  path: Assets/Scripts/Controller.cs
  artifactKey: Guid(7f414c58f2a865d449da75699d40cf21) Importer(815301076,1909f56bfc062723c751e8b465ee728b)
Start importing Assets/Scripts/Controller.cs using Guid(7f414c58f2a865d449da75699d40cf21) Importer(815301076,1909f56bfc062723c751e8b465ee728b)  -> (artifact id: '4a6d7850f7059a356bd280753477a19d') in 0.037227 seconds
  Import took 0.041344 seconds .

========================================================================
Received Import Request.
  Time since last request: 114.558592 seconds.
  path: Assets/Scripts/Controller.cs
  artifactKey: Guid(7f414c58f2a865d449da75699d40cf21) Importer(815301076,1909f56bfc062723c751e8b465ee728b)
Start importing Assets/Scripts/Controller.cs using Guid(7f414c58f2a865d449da75699d40cf21) Importer(815301076,1909f56bfc062723c751e8b465ee728b)  -> (artifact id: 'ed0d945501cdb4c6c3db3319c4d768d9') in 0.003602 seconds
  Import took 0.007354 seconds .

========================================================================
Received Import Request.
  Time since last request: 387.662939 seconds.
  path: Assets/Scripts/Controller.cs
  artifactKey: Guid(7f414c58f2a865d449da75699d40cf21) Importer(815301076,1909f56bfc062723c751e8b465ee728b)
Start importing Assets/Scripts/Controller.cs using Guid(7f414c58f2a865d449da75699d40cf21) Importer(815301076,1909f56bfc062723c751e8b465ee728b)  -> (artifact id: '80d941dd72a83ba72d3d4badb4f54bb2') in 0.002318 seconds
  Import took 0.005721 seconds .

========================================================================
Received Import Request.
  Time since last request: 87.570895 seconds.
  path: Assets/Scripts/Controller.cs
  artifactKey: Guid(7f414c58f2a865d449da75699d40cf21) Importer(815301076,1909f56bfc062723c751e8b465ee728b)
Start importing Assets/Scripts/Controller.cs using Guid(7f414c58f2a865d449da75699d40cf21) Importer(815301076,1909f56bfc062723c751e8b465ee728b)  -> (artifact id: 'c700310724b62f625203169e819f28ae') in 0.004002 seconds
  Import took 0.007154 seconds .

========================================================================
Received Import Request.
  Time since last request: 266.501733 seconds.
  path: Assets/Scripts/Controller.cs
  artifactKey: Guid(7f414c58f2a865d449da75699d40cf21) Importer(815301076,1909f56bfc062723c751e8b465ee728b)
Start importing Assets/Scripts/Controller.cs using Guid(7f414c58f2a865d449da75699d40cf21) Importer(815301076,1909f56bfc062723c751e8b465ee728b)  -> (artifact id: '9d9de82d9cab4dc6a1bd9ce27431c458') in 0.003493 seconds
  Import took 0.006626 seconds .

========================================================================
Received Import Request.
  Time since last request: 316.446433 seconds.
  path: Assets/Scripts/Controller.cs
  artifactKey: Guid(7f414c58f2a865d449da75699d40cf21) Importer(815301076,1909f56bfc062723c751e8b465ee728b)
Start importing Assets/Scripts/Controller.cs using Guid(7f414c58f2a865d449da75699d40cf21) Importer(815301076,1909f56bfc062723c751e8b465ee728b)  -> (artifact id: '19922906b535be7377d5d2befa6fe08d') in 0.002549 seconds
  Import took 0.006064 seconds .

========================================================================
Received Prepare
Registering precompiled user dll's ...
Registered in 0.000620 seconds.
Begin MonoManager ReloadAssembly
Native extension for WindowsStandalone target not found
Native extension for WebGL target not found
Refreshing native plugins compatible for Editor in 0.23 ms, found 0 plugins.
Preloading 0 native plugins for Editor in 0.00 ms.
Mono: successfully reloaded assembly
- Completed reload, in  0.674 seconds
Platform modules already initialized, skipping
Refreshing native plugins compatible for Editor in 0.18 ms, found 0 plugins.
Preloading 0 native plugins for Editor in 0.00 ms.
Unloading 1112 Unused Serialized files (Serialized files now loaded: 0)
System memory in use before: 57.2 MB.
System memory in use after: 57.3 MB.

Unloading 5 unused Assets to reduce memory usage. Loaded Objects now: 1562.
Total: 1.532500 ms (FindLiveObjects: 0.139300 ms CreateObjectMapping: 0.025900 ms MarkObjects: 1.306800 ms  DeleteObjects: 0.059600 ms)

========================================================================
Received Prepare
Registering precompiled user dll's ...
Registered in 0.000573 seconds.
Begin MonoManager ReloadAssembly
Native extension for WindowsStandalone target not found
Native extension for WebGL target not found
Refreshing native plugins compatible for Editor in 0.25 ms, found 0 plugins.
Preloading 0 native plugins for Editor in 0.00 ms.
Mono: successfully reloaded assembly
- Completed reload, in  0.614 seconds
Platform modules already initialized, skipping
Refreshing native plugins compatible for Editor in 0.20 ms, found 0 plugins.
Preloading 0 native plugins for Editor in 0.00 ms.
Unloading 1112 Unused Serialized files (Serialized files now loaded: 0)
System memory in use before: 57.2 MB.
System memory in use after: 57.3 MB.

Unloading 5 unused Assets to reduce memory usage. Loaded Objects now: 1565.
Total: 1.522200 ms (FindLiveObjects: 0.138400 ms CreateObjectMapping: 0.025600 ms MarkObjects: 1.306900 ms  DeleteObjects: 0.050500 ms)

========================================================================
Received Prepare
Registering precompiled user dll's ...
Registered in 0.000648 seconds.
Begin MonoManager ReloadAssembly
Native extension for WindowsStandalone target not found
Native extension for WebGL target not found
Refreshing native plugins compatible for Editor in 0.23 ms, found 0 plugins.
Preloading 0 native plugins for Editor in 0.00 ms.
Mono: successfully reloaded assembly
- Completed reload, in  0.619 seconds
Platform modules already initialized, skipping
Refreshing native plugins compatible for Editor in 0.21 ms, found 0 plugins.
Preloading 0 native plugins for Editor in 0.00 ms.
Unloading 1112 Unused Serialized files (Serialized files now loaded: 0)
System memory in use before: 57.3 MB.
System memory in use after: 57.3 MB.

Unloading 5 unused Assets to reduce memory usage. Loaded Objects now: 1568.
Total: 1.516500 ms (FindLiveObjects: 0.136400 ms CreateObjectMapping: 0.025100 ms MarkObjects: 1.304400 ms  DeleteObjects: 0.049800 ms)

========================================================================
Received Prepare
Registering precompiled user dll's ...
Registered in 0.000851 seconds.
Begin MonoManager ReloadAssembly
Native extension for WindowsStandalone target not found
Native extension for WebGL target not found
Refreshing native plugins compatible for Editor in 0.23 ms, found 0 plugins.
Preloading 0 native plugins for Editor in 0.00 ms.
Mono: successfully reloaded assembly
- Completed reload, in  0.619 seconds
Platform modules already initialized, skipping
Refreshing native plugins compatible for Editor in 0.19 ms, found 0 plugins.
Preloading 0 native plugins for Editor in 0.00 ms.
Unloading 1112 Unused Serialized files (Serialized files now loaded: 0)
System memory in use before: 57.2 MB.
System memory in use after: 57.3 MB.

Unloading 5 unused Assets to reduce memory usage. Loaded Objects now: 1571.
Total: 1.708400 ms (FindLiveObjects: 0.150100 ms CreateObjectMapping: 0.029700 ms MarkObjects: 1.475200 ms  DeleteObjects: 0.052800 ms)

AssetImportWorkerClient::OnTransportError - code=2 error=End of file
